# JRE version: OpenJDK Runtime Environment Temurin-17.0.13+11 (17.0.13+11) (build 17.0.13+11)
# Java VM: OpenJDK 64-Bit Server VM Temurin-17.0.13+11 (17.0.13+11, mixed mode, tiered, compressed oops, compressed class ptrs, parallel gc, windows-amd64)
GC Precious Log:
 CPUs: 8 total, 8 available
 Memory: 14210M
 Large Page Support: Disabled
 NUMA Support: Disabled
 Compressed Oops: Enabled (32-bit)
 Alignments: Space 512K, Generation 512K, Heap 2M
 Heap Min Capacity: 100M
 Heap Initial Capacity: 100M
 Heap Max Capacity: 1G
 Pre-touch: Disabled
 Parallel Workers: 8
Heap:
 PSYoungGen      total 32768K, used 16810K [0x00000000eab00000, 0x00000000ed580000, 0x0000000100000000)
  eden space 23040K, 30% used [0x00000000eab00000,0x00000000eb1ec7d8,0x00000000ec180000)
  from space 9728K, 99% used [0x00000000ec280000,0x00000000ecbfe1b0,0x00000000ecc00000)
  to   space 9216K, 0% used [0x00000000ecc80000,0x00000000ecc80000,0x00000000ed580000)
 ParOldGen       total 280064K, used 274612K [0x00000000c0000000, 0x00000000d1180000, 0x00000000eab00000)
  object space 280064K, 98% used [0x00000000c0000000,0x00000000d0c2d208,0x00000000d1180000)
 Metaspace       used 79531K, committed 80960K, reserved 1179648K
  class space    used 8498K, committed 9088K, reserved 1048576K
GC Heap History (20 events):
Event: 46.417 GC heap before
{Heap before GC invocations=222 (full 11):
 PSYoungGen      total 19456K, used 19405K [0x00000000eab00000, 0x00000000ec600000, 0x0000000100000000)
  eden space 12800K, 100% used [0x00000000eab00000,0x00000000eb780000,0x00000000eb780000)
  from space 6656K, 99% used [0x00000000ebe80000,0x00000000ec4f3430,0x00000000ec500000)
  to   space 7168K, 0% used [0x00000000eb780000,0x00000000eb780000,0x00000000ebe80000)
 ParOldGen       total 280064K, used 248817K [0x00000000c0000000, 0x00000000d1180000, 0x00000000eab00000)
  object space 280064K, 88% used [0x00000000c0000000,0x00000000cf2fc788,0x00000000d1180000)
 Metaspace       used 79415K, committed 80832K, reserved 1179648K
  class space    used 8496K, committed 9088K, reserved 1048576K
}
Event: 46.425 GC heap after
{Heap after GC invocations=222 (full 11):
 PSYoungGen      total 19968K, used 7144K [0x00000000eab00000, 0x00000000ecb80000, 0x0000000100000000)
  eden space 12800K, 0% used [0x00000000eab00000,0x00000000eab00000,0x00000000eb780000)
  from space 7168K, 99% used [0x00000000eb780000,0x00000000ebe7a2e8,0x00000000ebe80000)
  to   space 9728K, 0% used [0x00000000ec200000,0x00000000ec200000,0x00000000ecb80000)
 ParOldGen       total 280064K, used 250732K [0x00000000c0000000, 0x00000000d1180000, 0x00000000eab00000)
  object space 280064K, 89% used [0x00000000c0000000,0x00000000cf4db098,0x00000000d1180000)
 Metaspace       used 79415K, committed 80832K, reserved 1179648K
  class space    used 8496K, committed 9088K, reserved 1048576K
}
Event: 46.532 GC heap before
{Heap before GC invocations=223 (full 11):
 PSYoungGen      total 19968K, used 19944K [0x00000000eab00000, 0x00000000ecb80000, 0x0000000100000000)
  eden space 12800K, 100% used [0x00000000eab00000,0x00000000eb780000,0x00000000eb780000)
  from space 7168K, 99% used [0x00000000eb780000,0x00000000ebe7a2e8,0x00000000ebe80000)
  to   space 9728K, 0% used [0x00000000ec200000,0x00000000ec200000,0x00000000ecb80000)
 ParOldGen       total 280064K, used 250732K [0x00000000c0000000, 0x00000000d1180000, 0x00000000eab00000)
  object space 280064K, 89% used [0x00000000c0000000,0x00000000cf4db098,0x00000000d1180000)
 Metaspace       used 79437K, committed 80896K, reserved 1179648K
  class space    used 8496K, committed 9088K, reserved 1048576K
}
Event: 46.544 GC heap after
{Heap after GC invocations=223 (full 11):
 PSYoungGen      total 20480K, used 6476K [0x00000000eab00000, 0x00000000ec880000, 0x0000000100000000)
  eden space 13824K, 0% used [0x00000000eab00000,0x00000000eab00000,0x00000000eb880000)
  from space 6656K, 97% used [0x00000000ec200000,0x00000000ec853218,0x00000000ec880000)
  to   space 7680K, 0% used [0x00000000eb980000,0x00000000eb980000,0x00000000ec100000)
 ParOldGen       total 280064K, used 253410K [0x00000000c0000000, 0x00000000d1180000, 0x00000000eab00000)
  object space 280064K, 90% used [0x00000000c0000000,0x00000000cf7788c8,0x00000000d1180000)
 Metaspace       used 79437K, committed 80896K, reserved 1179648K
  class space    used 8496K, committed 9088K, reserved 1048576K
}
Event: 46.629 GC heap before
{Heap before GC invocations=224 (full 11):
 PSYoungGen      total 20480K, used 20300K [0x00000000eab00000, 0x00000000ec880000, 0x0000000100000000)
  eden space 13824K, 100% used [0x00000000eab00000,0x00000000eb880000,0x00000000eb880000)
  from space 6656K, 97% used [0x00000000ec200000,0x00000000ec853218,0x00000000ec880000)
  to   space 7680K, 0% used [0x00000000eb980000,0x00000000eb980000,0x00000000ec100000)
 ParOldGen       total 280064K, used 253410K [0x00000000c0000000, 0x00000000d1180000, 0x00000000eab00000)
  object space 280064K, 90% used [0x00000000c0000000,0x00000000cf7788c8,0x00000000d1180000)
 Metaspace       used 79447K, committed 80896K, reserved 1179648K
  class space    used 8496K, committed 9088K, reserved 1048576K
}
Event: 46.638 GC heap after
{Heap after GC invocations=224 (full 11):
 PSYoungGen      total 22528K, used 7676K [0x00000000eab00000, 0x00000000ecd00000, 0x0000000100000000)
  eden space 14848K, 0% used [0x00000000eab00000,0x00000000eab00000,0x00000000eb980000)
  from space 7680K, 99% used [0x00000000eb980000,0x00000000ec0ff3d0,0x00000000ec100000)
  to   space 9728K, 0% used [0x00000000ec380000,0x00000000ec380000,0x00000000ecd00000)
 ParOldGen       total 280064K, used 254726K [0x00000000c0000000, 0x00000000d1180000, 0x00000000eab00000)
  object space 280064K, 90% used [0x00000000c0000000,0x00000000cf8c1a20,0x00000000d1180000)
 Metaspace       used 79447K, committed 80896K, reserved 1179648K
  class space    used 8496K, committed 9088K, reserved 1048576K
}
Event: 46.712 GC heap before
{Heap before GC invocations=225 (full 11):
 PSYoungGen      total 22528K, used 22524K [0x00000000eab00000, 0x00000000ecd00000, 0x0000000100000000)
  eden space 14848K, 100% used [0x00000000eab00000,0x00000000eb980000,0x00000000eb980000)
  from space 7680K, 99% used [0x00000000eb980000,0x00000000ec0ff3d0,0x00000000ec100000)
  to   space 9728K, 0% used [0x00000000ec380000,0x00000000ec380000,0x00000000ecd00000)
 ParOldGen       total 280064K, used 254726K [0x00000000c0000000, 0x00000000d1180000, 0x00000000eab00000)
  object space 280064K, 90% used [0x00000000c0000000,0x00000000cf8c1a20,0x00000000d1180000)
 Metaspace       used 79454K, committed 80896K, reserved 1179648K
  class space    used 8496K, committed 9088K, reserved 1048576K
}
Event: 46.722 GC heap after
{Heap after GC invocations=225 (full 11):
 PSYoungGen      total 24064K, used 7623K [0x00000000eab00000, 0x00000000ecb00000, 0x0000000100000000)
  eden space 16384K, 0% used [0x00000000eab00000,0x00000000eab00000,0x00000000ebb00000)
  from space 7680K, 99% used [0x00000000ec380000,0x00000000ecaf1dd8,0x00000000ecb00000)
  to   space 8192K, 0% used [0x00000000ebb00000,0x00000000ebb00000,0x00000000ec300000)
 ParOldGen       total 280064K, used 257730K [0x00000000c0000000, 0x00000000d1180000, 0x00000000eab00000)
  object space 280064K, 92% used [0x00000000c0000000,0x00000000cfbb08c8,0x00000000d1180000)
 Metaspace       used 79454K, committed 80896K, reserved 1179648K
  class space    used 8496K, committed 9088K, reserved 1048576K
}
Event: 46.805 GC heap before
{Heap before GC invocations=226 (full 11):
 PSYoungGen      total 24064K, used 24007K [0x00000000eab00000, 0x00000000ecb00000, 0x0000000100000000)
  eden space 16384K, 100% used [0x00000000eab00000,0x00000000ebb00000,0x00000000ebb00000)
  from space 7680K, 99% used [0x00000000ec380000,0x00000000ecaf1dd8,0x00000000ecb00000)
  to   space 8192K, 0% used [0x00000000ebb00000,0x00000000ebb00000,0x00000000ec300000)
 ParOldGen       total 280064K, used 257730K [0x00000000c0000000, 0x00000000d1180000, 0x00000000eab00000)
  object space 280064K, 92% used [0x00000000c0000000,0x00000000cfbb08c8,0x00000000d1180000)
 Metaspace       used 79454K, committed 80896K, reserved 1179648K
  class space    used 8496K, committed 9088K, reserved 1048576K
}
Event: 46.816 GC heap after
{Heap after GC invocations=226 (full 11):
 PSYoungGen      total 24576K, used 8178K [0x00000000eab00000, 0x00000000ed280000, 0x0000000100000000)
  eden space 16384K, 0% used [0x00000000eab00000,0x00000000eab00000,0x00000000ebb00000)
  from space 8192K, 99% used [0x00000000ebb00000,0x00000000ec2fc918,0x00000000ec300000)
  to   space 11264K, 0% used [0x00000000ec780000,0x00000000ec780000,0x00000000ed280000)
 ParOldGen       total 280064K, used 260104K [0x00000000c0000000, 0x00000000d1180000, 0x00000000eab00000)
  object space 280064K, 92% used [0x00000000c0000000,0x00000000cfe02138,0x00000000d1180000)
 Metaspace       used 79454K, committed 80896K, reserved 1179648K
  class space    used 8496K, committed 9088K, reserved 1048576K
}
Event: 46.890 GC heap before
{Heap before GC invocations=227 (full 11):
 PSYoungGen      total 24576K, used 24562K [0x00000000eab00000, 0x00000000ed280000, 0x0000000100000000)
  eden space 16384K, 100% used [0x00000000eab00000,0x00000000ebb00000,0x00000000ebb00000)
  from space 8192K, 99% used [0x00000000ebb00000,0x00000000ec2fc918,0x00000000ec300000)
  to   space 11264K, 0% used [0x00000000ec780000,0x00000000ec780000,0x00000000ed280000)
 ParOldGen       total 280064K, used 260104K [0x00000000c0000000, 0x00000000d1180000, 0x00000000eab00000)
  object space 280064K, 92% used [0x00000000c0000000,0x00000000cfe02138,0x00000000d1180000)
 Metaspace       used 79458K, committed 80896K, reserved 1179648K
  class space    used 8496K, committed 9088K, reserved 1048576K
}
Event: 46.902 GC heap after
{Heap after GC invocations=227 (full 11):
 PSYoungGen      total 27136K, used 8666K [0x00000000eab00000, 0x00000000ed000000, 0x0000000100000000)
  eden space 18432K, 0% used [0x00000000eab00000,0x00000000eab00000,0x00000000ebd00000)
  from space 8704K, 99% used [0x00000000ec780000,0x00000000ecff6a88,0x00000000ed000000)
  to   space 9728K, 0% used [0x00000000ebd00000,0x00000000ebd00000,0x00000000ec680000)
 ParOldGen       total 280064K, used 263036K [0x00000000c0000000, 0x00000000d1180000, 0x00000000eab00000)
  object space 280064K, 93% used [0x00000000c0000000,0x00000000d00df048,0x00000000d1180000)
 Metaspace       used 79458K, committed 80896K, reserved 1179648K
  class space    used 8496K, committed 9088K, reserved 1048576K
}
Event: 47.048 GC heap before
{Heap before GC invocations=228 (full 11):
 PSYoungGen      total 27136K, used 27098K [0x00000000eab00000, 0x00000000ed000000, 0x0000000100000000)
  eden space 18432K, 100% used [0x00000000eab00000,0x00000000ebd00000,0x00000000ebd00000)
  from space 8704K, 99% used [0x00000000ec780000,0x00000000ecff6a88,0x00000000ed000000)
  to   space 9728K, 0% used [0x00000000ebd00000,0x00000000ebd00000,0x00000000ec680000)
 ParOldGen       total 280064K, used 263036K [0x00000000c0000000, 0x00000000d1180000, 0x00000000eab00000)
  object space 280064K, 93% used [0x00000000c0000000,0x00000000d00df048,0x00000000d1180000)
 Metaspace       used 79463K, committed 80896K, reserved 1179648K
  class space    used 8496K, committed 9088K, reserved 1048576K
}
Event: 47.059 GC heap after
{Heap after GC invocations=228 (full 11):
 PSYoungGen      total 28160K, used 9726K [0x00000000eab00000, 0x00000000ed500000, 0x0000000100000000)
  eden space 18432K, 0% used [0x00000000eab00000,0x00000000eab00000,0x00000000ebd00000)
  from space 9728K, 99% used [0x00000000ebd00000,0x00000000ec67f838,0x00000000ec680000)
  to   space 11264K, 0% used [0x00000000eca00000,0x00000000eca00000,0x00000000ed500000)
 ParOldGen       total 280064K, used 264175K [0x00000000c0000000, 0x00000000d1180000, 0x00000000eab00000)
  object space 280064K, 94% used [0x00000000c0000000,0x00000000d01fbe50,0x00000000d1180000)
 Metaspace       used 79463K, committed 80896K, reserved 1179648K
  class space    used 8496K, committed 9088K, reserved 1048576K
}
Event: 47.194 GC heap before
{Heap before GC invocations=229 (full 11):
 PSYoungGen      total 28160K, used 28158K [0x00000000eab00000, 0x00000000ed500000, 0x0000000100000000)
  eden space 18432K, 100% used [0x00000000eab00000,0x00000000ebd00000,0x00000000ebd00000)
  from space 9728K, 99% used [0x00000000ebd00000,0x00000000ec67f838,0x00000000ec680000)
  to   space 11264K, 0% used [0x00000000eca00000,0x00000000eca00000,0x00000000ed500000)
 ParOldGen       total 280064K, used 264175K [0x00000000c0000000, 0x00000000d1180000, 0x00000000eab00000)
  object space 280064K, 94% used [0x00000000c0000000,0x00000000d01fbe50,0x00000000d1180000)
 Metaspace       used 79472K, committed 80896K, reserved 1179648K
  class space    used 8496K, committed 9088K, reserved 1048576K
}
Event: 47.205 GC heap after
{Heap after GC invocations=229 (full 11):
 PSYoungGen      total 29184K, used 8378K [0x00000000eab00000, 0x00000000ed280000, 0x0000000100000000)
  eden space 20480K, 0% used [0x00000000eab00000,0x00000000eab00000,0x00000000ebf00000)
  from space 8704K, 96% used [0x00000000eca00000,0x00000000ed22eac0,0x00000000ed280000)
  to   space 9728K, 0% used [0x00000000ebf80000,0x00000000ebf80000,0x00000000ec900000)
 ParOldGen       total 280064K, used 268420K [0x00000000c0000000, 0x00000000d1180000, 0x00000000eab00000)
  object space 280064K, 95% used [0x00000000c0000000,0x00000000d06211f8,0x00000000d1180000)
 Metaspace       used 79472K, committed 80896K, reserved 1179648K
  class space    used 8496K, committed 9088K, reserved 1048576K
}
Event: 47.316 GC heap before
{Heap before GC invocations=230 (full 11):
 PSYoungGen      total 29184K, used 28858K [0x00000000eab00000, 0x00000000ed280000, 0x0000000100000000)
  eden space 20480K, 100% used [0x00000000eab00000,0x00000000ebf00000,0x00000000ebf00000)
  from space 8704K, 96% used [0x00000000eca00000,0x00000000ed22eac0,0x00000000ed280000)
  to   space 9728K, 0% used [0x00000000ebf80000,0x00000000ebf80000,0x00000000ec900000)
 ParOldGen       total 280064K, used 268420K [0x00000000c0000000, 0x00000000d1180000, 0x00000000eab00000)
  object space 280064K, 95% used [0x00000000c0000000,0x00000000d06211f8,0x00000000d1180000)
 Metaspace       used 79479K, committed 80896K, reserved 1179648K
  class space    used 8496K, committed 9088K, reserved 1048576K
}
Event: 47.327 GC heap after
{Heap after GC invocations=230 (full 11):
 PSYoungGen      total 30720K, used 9707K [0x00000000eab00000, 0x00000000ed800000, 0x0000000100000000)
  eden space 20992K, 0% used [0x00000000eab00000,0x00000000eab00000,0x00000000ebf80000)
  from space 9728K, 99% used [0x00000000ebf80000,0x00000000ec8faff0,0x00000000ec900000)
  to   space 11776K, 0% used [0x00000000ecc80000,0x00000000ecc80000,0x00000000ed800000)
 ParOldGen       total 280064K, used 269871K [0x00000000c0000000, 0x00000000d1180000, 0x00000000eab00000)
  object space 280064K, 96% used [0x00000000c0000000,0x00000000d078be60,0x00000000d1180000)
 Metaspace       used 79479K, committed 80896K, reserved 1179648K
  class space    used 8496K, committed 9088K, reserved 1048576K
}
Event: 47.461 GC heap before
{Heap before GC invocations=231 (full 11):
 PSYoungGen      total 30720K, used 30699K [0x00000000eab00000, 0x00000000ed800000, 0x0000000100000000)
  eden space 20992K, 100% used [0x00000000eab00000,0x00000000ebf80000,0x00000000ebf80000)
  from space 9728K, 99% used [0x00000000ebf80000,0x00000000ec8faff0,0x00000000ec900000)
  to   space 11776K, 0% used [0x00000000ecc80000,0x00000000ecc80000,0x00000000ed800000)
 ParOldGen       total 280064K, used 269871K [0x00000000c0000000, 0x00000000d1180000, 0x00000000eab00000)
  object space 280064K, 96% used [0x00000000c0000000,0x00000000d078be60,0x00000000d1180000)
 Metaspace       used 79489K, committed 80896K, reserved 1179648K
  class space    used 8497K, committed 9088K, reserved 1048576K
}
Event: 47.474 GC heap after
{Heap after GC invocations=231 (full 11):
 PSYoungGen      total 32256K, used 8707K [0x00000000eab00000, 0x00000000ed580000, 0x0000000100000000)
  eden space 23040K, 0% used [0x00000000eab00000,0x00000000eab00000,0x00000000ec180000)
  from space 9216K, 94% used [0x00000000ecc80000,0x00000000ed500ea8,0x00000000ed580000)
  to   space 9728K, 0% used [0x00000000ec280000,0x00000000ec280000,0x00000000ecc00000)
 ParOldGen       total 280064K, used 273756K [0x00000000c0000000, 0x00000000d1180000, 0x00000000eab00000)
  object space 280064K, 97% used [0x00000000c0000000,0x00000000d0b57208,0x00000000d1180000)
 Metaspace       used 79489K, committed 80896K, reserved 1179648K
  class space    used 8497K, committed 9088K, reserved 1048576K
}

