# JRE version: OpenJDK Runtime Environment Temurin-17.0.13+11 (17.0.13+11) (build 17.0.13+11)
# Java VM: OpenJDK 64-Bit Server VM Temurin-17.0.13+11 (17.0.13+11, mixed mode, tiered, compressed oops, compressed class ptrs, parallel gc, windows-amd64)
GC Precious Log:
 CPUs: 8 total, 8 available
 Memory: 14210M
 Large Page Support: Disabled
 NUMA Support: Disabled
 Compressed Oops: Enabled (32-bit)
 Alignments: Space 512K, Generation 512K, Heap 2M
 Heap Min Capacity: 100M
 Heap Initial Capacity: 100M
 Heap Max Capacity: 1G
 Pre-touch: Disabled
 Parallel Workers: 8
Heap:
 PSYoungGen      total 3072K, used 1179K [0x00000000eab00000, 0x00000000eaf00000, 0x0000000100000000)
  eden space 2560K, 37% used [0x00000000eab00000,0x00000000eabeec60,0x00000000ead80000)
  from space 512K, 43% used [0x00000000eae80000,0x00000000eaeb8020,0x00000000eaf00000)
  to   space 512K, 0% used [0x00000000eae00000,0x00000000eae00000,0x00000000eae80000)
 ParOldGen       total 234496K, used 220249K [0x00000000c0000000, 0x00000000ce500000, 0x00000000eab00000)
  object space 234496K, 93% used [0x00000000c0000000,0x00000000cd7166e8,0x00000000ce500000)
 Metaspace       used 131685K, committed 133440K, reserved 1179648K
  class space    used 13346K, committed 14208K, reserved 1048576K
GC Heap History (20 events):
Event: 90655.764 GC heap before
{Heap before GC invocations=31800 (full 570):
 PSYoungGen      total 3584K, used 2816K [0x00000000eab00000, 0x00000000eaf80000, 0x0000000100000000)
  eden space 2560K, 100% used [0x00000000eab00000,0x00000000ead80000,0x00000000ead80000)
  from space 1024K, 25% used [0x00000000ead80000,0x00000000eadc0000,0x00000000eae80000)
  to   space 512K, 0% used [0x00000000eaf00000,0x00000000eaf00000,0x00000000eaf80000)
 ParOldGen       total 234496K, used 203381K [0x00000000c0000000, 0x00000000ce500000, 0x00000000eab00000)
  object space 234496K, 86% used [0x00000000c0000000,0x00000000cc69d788,0x00000000ce500000)
 Metaspace       used 131684K, committed 133440K, reserved 1179648K
  class space    used 13346K, committed 14208K, reserved 1048576K
}
Event: 90655.766 GC heap after
{Heap after GC invocations=31800 (full 570):
 PSYoungGen      total 3072K, used 512K [0x00000000eab00000, 0x00000000eaf80000, 0x0000000100000000)
  eden space 2560K, 0% used [0x00000000eab00000,0x00000000eab00000,0x00000000ead80000)
  from space 512K, 100% used [0x00000000eaf00000,0x00000000eaf80000,0x00000000eaf80000)
  to   space 1024K, 0% used [0x00000000ead80000,0x00000000ead80000,0x00000000eae80000)
 ParOldGen       total 234496K, used 204804K [0x00000000c0000000, 0x00000000ce500000, 0x00000000eab00000)
  object space 234496K, 87% used [0x00000000c0000000,0x00000000cc8013f8,0x00000000ce500000)
 Metaspace       used 131684K, committed 133440K, reserved 1179648K
  class space    used 13346K, committed 14208K, reserved 1048576K
}
Event: 90655.770 GC heap before
{Heap before GC invocations=31801 (full 570):
 PSYoungGen      total 3072K, used 3072K [0x00000000eab00000, 0x00000000eaf80000, 0x0000000100000000)
  eden space 2560K, 100% used [0x00000000eab00000,0x00000000ead80000,0x00000000ead80000)
  from space 512K, 100% used [0x00000000eaf00000,0x00000000eaf80000,0x00000000eaf80000)
  to   space 1024K, 0% used [0x00000000ead80000,0x00000000ead80000,0x00000000eae80000)
 ParOldGen       total 234496K, used 204804K [0x00000000c0000000, 0x00000000ce500000, 0x00000000eab00000)
  object space 234496K, 87% used [0x00000000c0000000,0x00000000cc8013f8,0x00000000ce500000)
 Metaspace       used 131684K, committed 133440K, reserved 1179648K
  class space    used 13346K, committed 14208K, reserved 1048576K
}
Event: 90655.773 GC heap after
{Heap after GC invocations=31801 (full 570):
 PSYoungGen      total 3584K, used 1024K [0x00000000eab00000, 0x00000000eaf80000, 0x0000000100000000)
  eden space 2560K, 0% used [0x00000000eab00000,0x00000000eab00000,0x00000000ead80000)
  from space 1024K, 100% used [0x00000000ead80000,0x00000000eae80000,0x00000000eae80000)
  to   space 512K, 0% used [0x00000000eaf00000,0x00000000eaf00000,0x00000000eaf80000)
 ParOldGen       total 234496K, used 205921K [0x00000000c0000000, 0x00000000ce500000, 0x00000000eab00000)
  object space 234496K, 87% used [0x00000000c0000000,0x00000000cc918618,0x00000000ce500000)
 Metaspace       used 131684K, committed 133440K, reserved 1179648K
  class space    used 13346K, committed 14208K, reserved 1048576K
}
Event: 90655.779 GC heap before
{Heap before GC invocations=31802 (full 570):
 PSYoungGen      total 3584K, used 3584K [0x00000000eab00000, 0x00000000eaf80000, 0x0000000100000000)
  eden space 2560K, 100% used [0x00000000eab00000,0x00000000ead80000,0x00000000ead80000)
  from space 1024K, 100% used [0x00000000ead80000,0x00000000eae80000,0x00000000eae80000)
  to   space 512K, 0% used [0x00000000eaf00000,0x00000000eaf00000,0x00000000eaf80000)
 ParOldGen       total 234496K, used 205921K [0x00000000c0000000, 0x00000000ce500000, 0x00000000eab00000)
  object space 234496K, 87% used [0x00000000c0000000,0x00000000cc918618,0x00000000ce500000)
 Metaspace       used 131684K, committed 133440K, reserved 1179648K
  class space    used 13346K, committed 14208K, reserved 1048576K
}
Event: 90655.782 GC heap after
{Heap after GC invocations=31802 (full 570):
 PSYoungGen      total 3072K, used 512K [0x00000000eab00000, 0x00000000eaf80000, 0x0000000100000000)
  eden space 2560K, 0% used [0x00000000eab00000,0x00000000eab00000,0x00000000ead80000)
  from space 512K, 100% used [0x00000000eaf00000,0x00000000eaf80000,0x00000000eaf80000)
  to   space 1024K, 0% used [0x00000000ead80000,0x00000000ead80000,0x00000000eae80000)
 ParOldGen       total 234496K, used 208038K [0x00000000c0000000, 0x00000000ce500000, 0x00000000eab00000)
  object space 234496K, 88% used [0x00000000c0000000,0x00000000ccb29ab8,0x00000000ce500000)
 Metaspace       used 131684K, committed 133440K, reserved 1179648K
  class space    used 13346K, committed 14208K, reserved 1048576K
}
Event: 90655.794 GC heap before
{Heap before GC invocations=31803 (full 570):
 PSYoungGen      total 3072K, used 3072K [0x00000000eab00000, 0x00000000eaf80000, 0x0000000100000000)
  eden space 2560K, 100% used [0x00000000eab00000,0x00000000ead80000,0x00000000ead80000)
  from space 512K, 100% used [0x00000000eaf00000,0x00000000eaf80000,0x00000000eaf80000)
  to   space 1024K, 0% used [0x00000000ead80000,0x00000000ead80000,0x00000000eae80000)
 ParOldGen       total 234496K, used 208038K [0x00000000c0000000, 0x00000000ce500000, 0x00000000eab00000)
  object space 234496K, 88% used [0x00000000c0000000,0x00000000ccb29ab8,0x00000000ce500000)
 Metaspace       used 131684K, committed 133440K, reserved 1179648K
  class space    used 13346K, committed 14208K, reserved 1048576K
}
Event: 90655.797 GC heap after
{Heap after GC invocations=31803 (full 570):
 PSYoungGen      total 3584K, used 1024K [0x00000000eab00000, 0x00000000eaf80000, 0x0000000100000000)
  eden space 2560K, 0% used [0x00000000eab00000,0x00000000eab00000,0x00000000ead80000)
  from space 1024K, 100% used [0x00000000ead80000,0x00000000eae80000,0x00000000eae80000)
  to   space 512K, 0% used [0x00000000eaf00000,0x00000000eaf00000,0x00000000eaf80000)
 ParOldGen       total 234496K, used 209891K [0x00000000c0000000, 0x00000000ce500000, 0x00000000eab00000)
  object space 234496K, 89% used [0x00000000c0000000,0x00000000cccf8f38,0x00000000ce500000)
 Metaspace       used 131684K, committed 133440K, reserved 1179648K
  class space    used 13346K, committed 14208K, reserved 1048576K
}
Event: 90655.812 GC heap before
{Heap before GC invocations=31804 (full 570):
 PSYoungGen      total 3584K, used 3584K [0x00000000eab00000, 0x00000000eaf80000, 0x0000000100000000)
  eden space 2560K, 100% used [0x00000000eab00000,0x00000000ead80000,0x00000000ead80000)
  from space 1024K, 100% used [0x00000000ead80000,0x00000000eae80000,0x00000000eae80000)
  to   space 512K, 0% used [0x00000000eaf00000,0x00000000eaf00000,0x00000000eaf80000)
 ParOldGen       total 234496K, used 209891K [0x00000000c0000000, 0x00000000ce500000, 0x00000000eab00000)
  object space 234496K, 89% used [0x00000000c0000000,0x00000000cccf8f38,0x00000000ce500000)
 Metaspace       used 131684K, committed 133440K, reserved 1179648K
  class space    used 13346K, committed 14208K, reserved 1048576K
}
Event: 90655.814 GC heap after
{Heap after GC invocations=31804 (full 570):
 PSYoungGen      total 3072K, used 512K [0x00000000eab00000, 0x00000000eaf80000, 0x0000000100000000)
  eden space 2560K, 0% used [0x00000000eab00000,0x00000000eab00000,0x00000000ead80000)
  from space 512K, 100% used [0x00000000eaf00000,0x00000000eaf80000,0x00000000eaf80000)
  to   space 1024K, 0% used [0x00000000ead80000,0x00000000ead80000,0x00000000eae80000)
 ParOldGen       total 234496K, used 211750K [0x00000000c0000000, 0x00000000ce500000, 0x00000000eab00000)
  object space 234496K, 90% used [0x00000000c0000000,0x00000000ccec9858,0x00000000ce500000)
 Metaspace       used 131684K, committed 133440K, reserved 1179648K
  class space    used 13346K, committed 14208K, reserved 1048576K
}
Event: 90655.823 GC heap before
{Heap before GC invocations=31805 (full 570):
 PSYoungGen      total 3072K, used 3071K [0x00000000eab00000, 0x00000000eaf80000, 0x0000000100000000)
  eden space 2560K, 99% used [0x00000000eab00000,0x00000000ead7ff38,0x00000000ead80000)
  from space 512K, 100% used [0x00000000eaf00000,0x00000000eaf80000,0x00000000eaf80000)
  to   space 1024K, 0% used [0x00000000ead80000,0x00000000ead80000,0x00000000eae80000)
 ParOldGen       total 234496K, used 211750K [0x00000000c0000000, 0x00000000ce500000, 0x00000000eab00000)
  object space 234496K, 90% used [0x00000000c0000000,0x00000000ccec9858,0x00000000ce500000)
 Metaspace       used 131684K, committed 133440K, reserved 1179648K
  class space    used 13346K, committed 14208K, reserved 1048576K
}
Event: 90655.825 GC heap after
{Heap after GC invocations=31805 (full 570):
 PSYoungGen      total 3584K, used 320K [0x00000000eab00000, 0x00000000eb080000, 0x0000000100000000)
  eden space 2560K, 0% used [0x00000000eab00000,0x00000000eab00000,0x00000000ead80000)
  from space 1024K, 31% used [0x00000000ead80000,0x00000000eadd0000,0x00000000eae80000)
  to   space 1536K, 0% used [0x00000000eaf00000,0x00000000eaf00000,0x00000000eb080000)
 ParOldGen       total 234496K, used 212278K [0x00000000c0000000, 0x00000000ce500000, 0x00000000eab00000)
  object space 234496K, 90% used [0x00000000c0000000,0x00000000ccf4d858,0x00000000ce500000)
 Metaspace       used 131684K, committed 133440K, reserved 1179648K
  class space    used 13346K, committed 14208K, reserved 1048576K
}
Event: 90655.835 GC heap before
{Heap before GC invocations=31806 (full 570):
 PSYoungGen      total 3584K, used 2880K [0x00000000eab00000, 0x00000000eb080000, 0x0000000100000000)
  eden space 2560K, 100% used [0x00000000eab00000,0x00000000ead80000,0x00000000ead80000)
  from space 1024K, 31% used [0x00000000ead80000,0x00000000eadd0000,0x00000000eae80000)
  to   space 1536K, 0% used [0x00000000eaf00000,0x00000000eaf00000,0x00000000eb080000)
 ParOldGen       total 234496K, used 212278K [0x00000000c0000000, 0x00000000ce500000, 0x00000000eab00000)
  object space 234496K, 90% used [0x00000000c0000000,0x00000000ccf4d858,0x00000000ce500000)
 Metaspace       used 131684K, committed 133440K, reserved 1179648K
  class space    used 13346K, committed 14208K, reserved 1048576K
}
Event: 90655.838 GC heap after
{Heap after GC invocations=31806 (full 570):
 PSYoungGen      total 4096K, used 1535K [0x00000000eab00000, 0x00000000eb080000, 0x0000000100000000)
  eden space 2560K, 0% used [0x00000000eab00000,0x00000000eab00000,0x00000000ead80000)
  from space 1536K, 99% used [0x00000000eaf00000,0x00000000eb07fc70,0x00000000eb080000)
  to   space 1024K, 0% used [0x00000000ead80000,0x00000000ead80000,0x00000000eae80000)
 ParOldGen       total 234496K, used 213240K [0x00000000c0000000, 0x00000000ce500000, 0x00000000eab00000)
  object space 234496K, 90% used [0x00000000c0000000,0x00000000cd03e158,0x00000000ce500000)
 Metaspace       used 131684K, committed 133440K, reserved 1179648K
  class space    used 13346K, committed 14208K, reserved 1048576K
}
Event: 90655.854 GC heap before
{Heap before GC invocations=31807 (full 570):
 PSYoungGen      total 4096K, used 4095K [0x00000000eab00000, 0x00000000eb080000, 0x0000000100000000)
  eden space 2560K, 100% used [0x00000000eab00000,0x00000000ead80000,0x00000000ead80000)
  from space 1536K, 99% used [0x00000000eaf00000,0x00000000eb07fc70,0x00000000eb080000)
  to   space 1024K, 0% used [0x00000000ead80000,0x00000000ead80000,0x00000000eae80000)
 ParOldGen       total 234496K, used 213240K [0x00000000c0000000, 0x00000000ce500000, 0x00000000eab00000)
  object space 234496K, 90% used [0x00000000c0000000,0x00000000cd03e158,0x00000000ce500000)
 Metaspace       used 131684K, committed 133440K, reserved 1179648K
  class space    used 13346K, committed 14208K, reserved 1048576K
}
Event: 90655.858 GC heap after
{Heap after GC invocations=31807 (full 570):
 PSYoungGen      total 3584K, used 1024K [0x00000000eab00000, 0x00000000eb080000, 0x0000000100000000)
  eden space 2560K, 0% used [0x00000000eab00000,0x00000000eab00000,0x00000000ead80000)
  from space 1024K, 100% used [0x00000000ead80000,0x00000000eae80000,0x00000000eae80000)
  to   space 1536K, 0% used [0x00000000eaf00000,0x00000000eaf00000,0x00000000eb080000)
 ParOldGen       total 234496K, used 216295K [0x00000000c0000000, 0x00000000ce500000, 0x00000000eab00000)
  object space 234496K, 92% used [0x00000000c0000000,0x00000000cd339dc8,0x00000000ce500000)
 Metaspace       used 131684K, committed 133440K, reserved 1179648K
  class space    used 13346K, committed 14208K, reserved 1048576K
}
Event: 90655.871 GC heap before
{Heap before GC invocations=31808 (full 570):
 PSYoungGen      total 3584K, used 3584K [0x00000000eab00000, 0x00000000eb080000, 0x0000000100000000)
  eden space 2560K, 100% used [0x00000000eab00000,0x00000000ead80000,0x00000000ead80000)
  from space 1024K, 100% used [0x00000000ead80000,0x00000000eae80000,0x00000000eae80000)
  to   space 1536K, 0% used [0x00000000eaf00000,0x00000000eaf00000,0x00000000eb080000)
 ParOldGen       total 234496K, used 216295K [0x00000000c0000000, 0x00000000ce500000, 0x00000000eab00000)
  object space 234496K, 92% used [0x00000000c0000000,0x00000000cd339dc8,0x00000000ce500000)
 Metaspace       used 131684K, committed 133440K, reserved 1179648K
  class space    used 13346K, committed 14208K, reserved 1048576K
}
Event: 90655.875 GC heap after
{Heap after GC invocations=31808 (full 570):
 PSYoungGen      total 4096K, used 1536K [0x00000000eab00000, 0x00000000eb080000, 0x0000000100000000)
  eden space 2560K, 0% used [0x00000000eab00000,0x00000000eab00000,0x00000000ead80000)
  from space 1536K, 100% used [0x00000000eaf00000,0x00000000eb080000,0x00000000eb080000)
  to   space 1024K, 0% used [0x00000000ead80000,0x00000000ead80000,0x00000000eae80000)
 ParOldGen       total 234496K, used 218095K [0x00000000c0000000, 0x00000000ce500000, 0x00000000eab00000)
  object space 234496K, 93% used [0x00000000c0000000,0x00000000cd4fbdc8,0x00000000ce500000)
 Metaspace       used 131684K, committed 133440K, reserved 1179648K
  class space    used 13346K, committed 14208K, reserved 1048576K
}
Event: 90655.884 GC heap before
{Heap before GC invocations=31809 (full 570):
 PSYoungGen      total 4096K, used 4096K [0x00000000eab00000, 0x00000000eb080000, 0x0000000100000000)
  eden space 2560K, 100% used [0x00000000eab00000,0x00000000ead80000,0x00000000ead80000)
  from space 1536K, 100% used [0x00000000eaf00000,0x00000000eb080000,0x00000000eb080000)
  to   space 1024K, 0% used [0x00000000ead80000,0x00000000ead80000,0x00000000eae80000)
 ParOldGen       total 234496K, used 218095K [0x00000000c0000000, 0x00000000ce500000, 0x00000000eab00000)
  object space 234496K, 93% used [0x00000000c0000000,0x00000000cd4fbdc8,0x00000000ce500000)
 Metaspace       used 131684K, committed 133440K, reserved 1179648K
  class space    used 13346K, committed 14208K, reserved 1048576K
}
Event: 90655.886 GC heap after
{Heap after GC invocations=31809 (full 570):
 PSYoungGen      total 3584K, used 576K [0x00000000eab00000, 0x00000000eb080000, 0x0000000100000000)
  eden space 2560K, 0% used [0x00000000eab00000,0x00000000eab00000,0x00000000ead80000)
  from space 1024K, 56% used [0x00000000ead80000,0x00000000eae10000,0x00000000eae80000)
  to   space 1536K, 0% used [0x00000000eaf00000,0x00000000eaf00000,0x00000000eb080000)
 ParOldGen       total 234496K, used 219641K [0x00000000c0000000, 0x00000000ce500000, 0x00000000eab00000)
  object space 234496K, 93% used [0x00000000c0000000,0x00000000cd67e6c8,0x00000000ce500000)
 Metaspace       used 131684K, committed 133440K, reserved 1179648K
  class space    used 13346K, committed 14208K, reserved 1048576K
}

